
INFO 2023-10-02 12:14:02,429 views 2308 6012 Показана информация: <h1>Hello, world!</h1><p>Домашнее задание №1</p><p>Создайте пару представлений в вашем первом приложении:<br>— главная<br>— о себе.<br>Внутри каждого представления должна быть переменная html — многострочный текст с HTML-вёрсткой и данными о вашем первом Django-сайте и о вас.Сохраняйте в логи данные о посещении страниц.</p>
INFO 2023-10-02 12:14:02,430 basehttp 2308 6012 "GET / HTTP/1.1" 200 548
INFO 2023-10-02 12:14:50,972 autoreload 2308 7392 C:\Users\Менеджер\Desktop\Python\Django\myproject\myapp\views.py changed, reloading.
INFO 2023-10-02 12:14:51,848 autoreload 4392 5244 Watching for file changes with StatReloader
INFO 2023-10-02 12:14:52,934 views 4392 5524 Показана информация: <h1>Hello, world!</h1><p>Домашнее задание №1</p><p>Создайте пару представлений в вашем первом приложении:<br>— главная<br>— о себе.<br>Внутри каждого представления должна быть переменная html — многострочный текст с HTML-вёрсткой и данными о вашем первом Django-сайте и о вас.Сохраняйте в логи данные о посещении страниц.</p>
INFO 2023-10-02 12:14:52,935 basehttp 4392 5524 "GET / HTTP/1.1" 200 548
INFO 2023-10-02 12:14:59,224 views 4392 5524 Показана информация: <h1>About us</h1>
INFO 2023-10-02 12:14:59,225 basehttp 4392 5524 "GET /about/ HTTP/1.1" 200 17
INFO 2023-10-02 12:15:36,209 autoreload 4392 5244 C:\Users\Менеджер\Desktop\Python\Django\myproject\myapp\views.py changed, reloading.
INFO 2023-10-02 12:15:37,237 autoreload 2884 1812 Watching for file changes with StatReloader
INFO 2023-10-02 12:15:37,538 views 2884 4792 Показана информация: <h1>About us</h1><p>Страница о нас</p>
INFO 2023-10-02 12:15:37,538 basehttp 2884 4792 "GET /about/ HTTP/1.1" 200 50
INFO 2023-10-03 10:15:03,377 autoreload 5780 8944 Watching for file changes with StatReloader
INFO 2023-10-03 10:15:06,171 views 5780 5448 Показана информация: <h1>Hello, world!</h1><p>Домашнее задание №1</p><p>Создайте пару представлений в вашем первом приложении:<br>— главная<br>— о себе.<br>Внутри каждого представления должна быть переменная html — многострочный текст с HTML-вёрсткой и данными о вашем первом Django-сайте и о вас.Сохраняйте в логи данные о посещении страниц.</p>
INFO 2023-10-03 10:15:06,172 basehttp 5780 5448 "GET / HTTP/1.1" 200 548
WARNING 2023-10-03 10:15:06,620 log 5780 5448 Not Found: /favicon.ico
WARNING 2023-10-03 10:15:06,626 basehttp 5780 5448 "GET /favicon.ico HTTP/1.1" 404 2441
INFO 2023-10-03 14:05:07,493 autoreload 9540 11924 Watching for file changes with StatReloader
INFO 2023-10-03 14:05:38,325 autoreload 8516 15128 Watching for file changes with StatReloader
INFO 2023-10-03 14:05:41,779 views 8516 7896 Показана информация: <h1>Hello, world!</h1><p>Домашнее задание №1</p><p>Создайте пару представлений в вашем первом приложении:<br>— главная<br>— о себе.<br>Внутри каждого представления должна быть переменная html — многострочный текст с HTML-вёрсткой и данными о вашем первом Django-сайте и о вас.Сохраняйте в логи данные о посещении страниц.</p>
INFO 2023-10-03 14:05:41,780 basehttp 8516 7896 "GET / HTTP/1.1" 200 548
WARNING 2023-10-03 14:05:42,016 log 8516 7896 Not Found: /favicon.ico
WARNING 2023-10-03 14:05:42,050 basehttp 8516 7896 "GET /favicon.ico HTTP/1.1" 404 2441
INFO 2023-10-03 14:05:55,160 views 8516 3764 Показана информация: <h1>About us</h1><p>Страница о нас</p>
INFO 2023-10-03 14:05:55,160 basehttp 8516 3764 "GET /about/ HTTP/1.1" 200 50
INFO 2023-10-03 16:53:34,625 autoreload 10128 6092 Watching for file changes with StatReloader
INFO 2023-10-03 16:53:37,534 views 10128 5752 Показана информация: <h1>Hello, world!</h1><p>Домашнее задание №1</p><p>Создайте пару представлений в вашем первом приложении:<br>— главная<br>— о себе.<br>Внутри каждого представления должна быть переменная html — многострочный текст с HTML-вёрсткой и данными о вашем первом Django-сайте и о вас.Сохраняйте в логи данные о посещении страниц.</p>
INFO 2023-10-03 16:53:37,536 basehttp 10128 5752 "GET / HTTP/1.1" 200 548
WARNING 2023-10-03 16:53:37,669 log 10128 5752 Not Found: /favicon.ico
WARNING 2023-10-03 16:53:37,670 basehttp 10128 5752 "GET /favicon.ico HTTP/1.1" 404 2441
